# JRE version: OpenJDK Runtime Environment Microsoft-8035246 (17.0.8+7) (build 17.0.8+7-LTS)
# Java VM: OpenJDK 64-Bit Server VM Microsoft-8035246 (17.0.8+7-LTS, mixed mode, sharing, tiered, compressed oops, compressed class ptrs, g1 gc, windows-amd64)
GC Precious Log:
 CPUs: 16 total, 16 available
 Memory: 32620M
 Large Page Support: Disabled
 NUMA Support: Disabled
 Compressed Oops: Enabled (32-bit)
 Heap Region Size: 1M
 Heap Min Capacity: 8M
 Heap Initial Capacity: 510M
 Heap Max Capacity: 2G
 Pre-touch: Disabled
 Parallel Workers: 13
 Concurrent Workers: 3
 Concurrent Refinement Workers: 13
 Periodic GC: Disabled
Heap:
 garbage-first heap   total 258048K, used 201360K [0x0000000080000000, 0x0000000100000000)
  region size 1024K, 32 young (32768K), 4 survivors (4096K)
 Metaspace       used 104243K, committed 105280K, reserved 557056K
  class space    used 14439K, committed 14976K, reserved 425984K
GC Heap History (20 events):
Event: 19.859 GC heap before
{Heap before GC invocations=64 (full 0):
 garbage-first heap   total 218112K, used 140701K [0x0000000080000000, 0x0000000100000000)
  region size 1024K, 10 young (10240K), 6 survivors (6144K)
 Metaspace       used 93874K, committed 94784K, reserved 557056K
  class space    used 13110K, committed 13568K, reserved 425984K
}
Event: 19.862 GC heap after
{Heap after GC invocations=65 (full 0):
 garbage-first heap   total 218112K, used 138008K [0x0000000080000000, 0x0000000100000000)
  region size 1024K, 2 young (2048K), 2 survivors (2048K)
 Metaspace       used 93874K, committed 94784K, reserved 557056K
  class space    used 13110K, committed 13568K, reserved 425984K
}
Event: 20.182 GC heap before
{Heap before GC invocations=65 (full 0):
 garbage-first heap   total 218112K, used 170776K [0x0000000080000000, 0x0000000100000000)
  region size 1024K, 33 young (33792K), 2 survivors (2048K)
 Metaspace       used 94247K, committed 95168K, reserved 557056K
  class space    used 13155K, committed 13568K, reserved 425984K
}
Event: 20.185 GC heap after
{Heap after GC invocations=66 (full 0):
 garbage-first heap   total 218112K, used 146932K [0x0000000080000000, 0x0000000100000000)
  region size 1024K, 5 young (5120K), 5 survivors (5120K)
 Metaspace       used 94247K, committed 95168K, reserved 557056K
  class space    used 13155K, committed 13568K, reserved 425984K
}
Event: 20.453 GC heap before
{Heap before GC invocations=67 (full 0):
 garbage-first heap   total 258048K, used 173556K [0x0000000080000000, 0x0000000100000000)
  region size 1024K, 32 young (32768K), 5 survivors (5120K)
 Metaspace       used 95391K, committed 96320K, reserved 557056K
  class space    used 13301K, committed 13760K, reserved 425984K
}
Event: 20.456 GC heap after
{Heap after GC invocations=68 (full 0):
 garbage-first heap   total 258048K, used 150089K [0x0000000080000000, 0x0000000100000000)
  region size 1024K, 3 young (3072K), 3 survivors (3072K)
 Metaspace       used 95391K, committed 96320K, reserved 557056K
  class space    used 13301K, committed 13760K, reserved 425984K
}
Event: 20.530 GC heap before
{Heap before GC invocations=68 (full 0):
 garbage-first heap   total 258048K, used 159305K [0x0000000080000000, 0x0000000100000000)
  region size 1024K, 12 young (12288K), 3 survivors (3072K)
 Metaspace       used 96202K, committed 97152K, reserved 557056K
  class space    used 13427K, committed 13888K, reserved 425984K
}
Event: 20.532 GC heap after
{Heap after GC invocations=69 (full 0):
 garbage-first heap   total 258048K, used 150307K [0x0000000080000000, 0x0000000100000000)
  region size 1024K, 1 young (1024K), 1 survivors (1024K)
 Metaspace       used 96202K, committed 97152K, reserved 557056K
  class space    used 13427K, committed 13888K, reserved 425984K
}
Event: 21.057 GC heap before
{Heap before GC invocations=69 (full 0):
 garbage-first heap   total 258048K, used 197411K [0x0000000080000000, 0x0000000100000000)
  region size 1024K, 47 young (48128K), 1 survivors (1024K)
 Metaspace       used 100149K, committed 101120K, reserved 557056K
  class space    used 13959K, committed 14400K, reserved 425984K
}
Event: 21.060 GC heap after
{Heap after GC invocations=70 (full 0):
 garbage-first heap   total 258048K, used 153757K [0x0000000080000000, 0x0000000100000000)
  region size 1024K, 4 young (4096K), 4 survivors (4096K)
 Metaspace       used 100149K, committed 101120K, reserved 557056K
  class space    used 13959K, committed 14400K, reserved 425984K
}
Event: 21.479 GC heap before
{Heap before GC invocations=70 (full 0):
 garbage-first heap   total 258048K, used 201885K [0x0000000080000000, 0x0000000100000000)
  region size 1024K, 51 young (52224K), 4 survivors (4096K)
 Metaspace       used 102216K, committed 103168K, reserved 557056K
  class space    used 14222K, committed 14656K, reserved 425984K
}
Event: 21.483 GC heap after
{Heap after GC invocations=71 (full 0):
 garbage-first heap   total 258048K, used 158292K [0x0000000080000000, 0x0000000100000000)
  region size 1024K, 6 young (6144K), 6 survivors (6144K)
 Metaspace       used 102216K, committed 103168K, reserved 557056K
  class space    used 14222K, committed 14656K, reserved 425984K
}
Event: 21.856 GC heap before
{Heap before GC invocations=71 (full 0):
 garbage-first heap   total 258048K, used 205396K [0x0000000080000000, 0x0000000100000000)
  region size 1024K, 52 young (53248K), 6 survivors (6144K)
 Metaspace       used 102582K, committed 103616K, reserved 557056K
  class space    used 14240K, committed 14720K, reserved 425984K
}
Event: 21.859 GC heap after
{Heap after GC invocations=72 (full 0):
 garbage-first heap   total 258048K, used 163153K [0x0000000080000000, 0x0000000100000000)
  region size 1024K, 5 young (5120K), 5 survivors (5120K)
 Metaspace       used 102582K, committed 103616K, reserved 557056K
  class space    used 14240K, committed 14720K, reserved 425984K
}
Event: 22.392 GC heap before
{Heap before GC invocations=72 (full 0):
 garbage-first heap   total 258048K, used 208209K [0x0000000080000000, 0x0000000100000000)
  region size 1024K, 50 young (51200K), 5 survivors (5120K)
 Metaspace       used 103707K, committed 104704K, reserved 557056K
  class space    used 14389K, committed 14848K, reserved 425984K
}
Event: 22.397 GC heap after
{Heap after GC invocations=73 (full 0):
 garbage-first heap   total 258048K, used 167758K [0x0000000080000000, 0x0000000100000000)
  region size 1024K, 5 young (5120K), 5 survivors (5120K)
 Metaspace       used 103707K, committed 104704K, reserved 557056K
  class space    used 14389K, committed 14848K, reserved 425984K
}
Event: 22.886 GC heap before
{Heap before GC invocations=73 (full 0):
 garbage-first heap   total 258048K, used 211790K [0x0000000080000000, 0x0000000100000000)
  region size 1024K, 48 young (49152K), 5 survivors (5120K)
 Metaspace       used 104141K, committed 105216K, reserved 557056K
  class space    used 14439K, committed 14976K, reserved 425984K
}
Event: 22.890 GC heap after
{Heap after GC invocations=74 (full 0):
 garbage-first heap   total 258048K, used 171046K [0x0000000080000000, 0x0000000100000000)
  region size 1024K, 4 young (4096K), 4 survivors (4096K)
 Metaspace       used 104141K, committed 105216K, reserved 557056K
  class space    used 14439K, committed 14976K, reserved 425984K
}
Event: 23.075 GC heap before
{Heap before GC invocations=74 (full 0):
 garbage-first heap   total 258048K, used 213030K [0x0000000080000000, 0x0000000100000000)
  region size 1024K, 46 young (47104K), 4 survivors (4096K)
 Metaspace       used 104241K, committed 105280K, reserved 557056K
  class space    used 14439K, committed 14976K, reserved 425984K
}
Event: 23.079 GC heap after
{Heap after GC invocations=75 (full 0):
 garbage-first heap   total 258048K, used 174736K [0x0000000080000000, 0x0000000100000000)
  region size 1024K, 4 young (4096K), 4 survivors (4096K)
 Metaspace       used 104241K, committed 105280K, reserved 557056K
  class space    used 14439K, committed 14976K, reserved 425984K
}

